{"t":{"$date":"2024-12-06T14:36:15.902-03:00"},"s":"I",  "c":"CONTROL",  "id":23285,   "ctx":"thread1","msg":"Automatically disabling TLS 1.0, to force-enable TLS 1.0 specify --sslDisabledProtocols 'none'"}
{"t":{"$date":"2024-12-06T14:36:21.338-03:00"},"s":"I",  "c":"CONTROL",  "id":5945603, "ctx":"thread1","msg":"Multi threading initialized"}
{"t":{"$date":"2024-12-06T14:36:21.339-03:00"},"s":"I",  "c":"NETWORK",  "id":4648601, "ctx":"thread1","msg":"Implicit TCP FastOpen unavailable. If TCP FastOpen is required, set at least one of the related parameters","attr":{"relatedParameters":["tcpFastOpenServer","tcpFastOpenClient","tcpFastOpenQueueSize"]}}
{"t":{"$date":"2024-12-06T14:36:21.349-03:00"},"s":"I",  "c":"NETWORK",  "id":4915701, "ctx":"thread1","msg":"Initialized wire specification","attr":{"spec":{"incomingExternalClient":{"minWireVersion":0,"maxWireVersion":25},"incomingInternalClient":{"minWireVersion":0,"maxWireVersion":25},"outgoing":{"minWireVersion":6,"maxWireVersion":25},"isInternalClient":true}}}
{"t":{"$date":"2024-12-06T14:36:21.366-03:00"},"s":"I",  "c":"CONTROL",  "id":23316,   "ctx":"thread1","msg":"Trying to start Windows service","attr":{"serviceName":"MongoDB"}}
{"t":{"$date":"2024-12-06T14:36:21.368-03:00"},"s":"I",  "c":"CONTROL",  "id":4615611, "ctx":"initandlisten","msg":"MongoDB starting","attr":{"pid":5328,"port":27017,"dbPath":"C:/Users/Administrator/Documents/GitHub/CLIENTES_CONTINGENCIA/DATA","architecture":"64-bit","host":"WindowsServer347255704"}}
{"t":{"$date":"2024-12-06T14:36:21.368-03:00"},"s":"I",  "c":"CONTROL",  "id":23398,   "ctx":"initandlisten","msg":"Target operating system minimum version","attr":{"targetMinOS":"Windows 7/Windows Server 2008 R2"}}
{"t":{"$date":"2024-12-06T14:36:21.368-03:00"},"s":"I",  "c":"CONTROL",  "id":23403,   "ctx":"initandlisten","msg":"Build Info","attr":{"buildInfo":{"version":"8.0.3","gitVersion":"89d97f2744a2b9851ddfb51bdf22f687562d9b06","modules":[],"allocator":"tcmalloc-gperf","environment":{"distmod":"windows","distarch":"x86_64","target_arch":"x86_64"}}}}
{"t":{"$date":"2024-12-06T14:36:21.369-03:00"},"s":"I",  "c":"CONTROL",  "id":51765,   "ctx":"initandlisten","msg":"Operating System","attr":{"os":{"name":"Microsoft Windows Server 2019","version":"10.0 (build 20348)"}}}
{"t":{"$date":"2024-12-06T14:36:21.369-03:00"},"s":"I",  "c":"CONTROL",  "id":21951,   "ctx":"initandlisten","msg":"Options set by command line","attr":{"options":{"config":"C:\\Program Files\\MongoDB\\Server\\8.0\\bin\\mongod.cfg","net":{"bindIp":"127.0.0.1","port":27017},"service":true,"storage":{"dbPath":"C:\\Users\\Administrator\\Documents\\GitHub\\CLIENTES_CONTINGENCIA\\DATA"},"systemLog":{"destination":"file","logAppend":true,"path":"C:\\Users\\Administrator\\Documents\\GitHub\\CLIENTES_CONTINGENCIA\\log\\mongod.log"}}}}
{"t":{"$date":"2024-12-06T14:36:21.383-03:00"},"s":"I",  "c":"STORAGE",  "id":22315,   "ctx":"initandlisten","msg":"Opening WiredTiger","attr":{"config":"create,cache_size=2559M,session_max=33000,eviction=(threads_min=4,threads_max=4),config_base=false,statistics=(fast),log=(enabled=true,remove=true,path=journal,compressor=snappy),builtin_extension_config=(zstd=(compression_level=6)),file_manager=(close_idle_time=600,close_scan_interval=10,close_handle_minimum=2000),statistics_log=(wait=0),json_output=(error,message),verbose=[recovery_progress:1,checkpoint_progress:1,compact_progress:1,backup:0,checkpoint:0,compact:0,evict:0,history_store:0,recovery:0,rts:0,salvage:0,tiered:0,timestamp:0,transaction:0,verify:0,log:0],prefetch=(available=true,default=false),"}}
{"t":{"$date":"2024-12-06T14:36:21.547-03:00"},"s":"I",  "c":"WTRECOV",  "id":22430,   "ctx":"initandlisten","msg":"WiredTiger message","attr":{"message":{"ts_sec":1733506581,"ts_usec":541574,"thread":"5328:140707679395456","session_name":"txn-recover","category":"WT_VERB_RECOVERY_PROGRESS","category_id":34,"verbose_level":"DEBUG_1","verbose_level_id":1,"msg":"recovery log replay has successfully finished and ran for 3 milliseconds"}}}
{"t":{"$date":"2024-12-06T14:36:21.549-03:00"},"s":"I",  "c":"WTRECOV",  "id":22430,   "ctx":"initandlisten","msg":"WiredTiger message","attr":{"message":{"ts_sec":1733506581,"ts_usec":548572,"thread":"5328:140707679395456","session_name":"txn-recover","category":"WT_VERB_RECOVERY_PROGRESS","category_id":34,"verbose_level":"DEBUG_1","verbose_level_id":1,"msg":"Set global recovery timestamp: (0, 0)"}}}
{"t":{"$date":"2024-12-06T14:36:21.549-03:00"},"s":"I",  "c":"WTRECOV",  "id":22430,   "ctx":"initandlisten","msg":"WiredTiger message","attr":{"message":{"ts_sec":1733506581,"ts_usec":548572,"thread":"5328:140707679395456","session_name":"txn-recover","category":"WT_VERB_RECOVERY_PROGRESS","category_id":34,"verbose_level":"DEBUG_1","verbose_level_id":1,"msg":"Set global oldest timestamp: (0, 0)"}}}
{"t":{"$date":"2024-12-06T14:36:21.549-03:00"},"s":"I",  "c":"WTRECOV",  "id":22430,   "ctx":"initandlisten","msg":"WiredTiger message","attr":{"message":{"ts_sec":1733506581,"ts_usec":548572,"thread":"5328:140707679395456","session_name":"txn-recover","category":"WT_VERB_RECOVERY_PROGRESS","category_id":34,"verbose_level":"DEBUG_1","verbose_level_id":1,"msg":"recovery was completed successfully and took 9ms, including 3ms for the log replay, 0ms for the rollback to stable, and 0ms for the checkpoint."}}}
{"t":{"$date":"2024-12-06T14:36:21.571-03:00"},"s":"I",  "c":"STORAGE",  "id":4795906, "ctx":"initandlisten","msg":"WiredTiger opened","attr":{"durationMillis":188}}
{"t":{"$date":"2024-12-06T14:36:21.571-03:00"},"s":"I",  "c":"RECOVERY", "id":23987,   "ctx":"initandlisten","msg":"WiredTiger recoveryTimestamp","attr":{"recoveryTimestamp":{"$timestamp":{"t":0,"i":0}}}}
{"t":{"$date":"2024-12-06T14:36:21.623-03:00"},"s":"W",  "c":"CONTROL",  "id":22120,   "ctx":"initandlisten","msg":"Access control is not enabled for the database. Read and write access to data and configuration is unrestricted","tags":["startupWarnings"]}
{"t":{"$date":"2024-12-06T14:36:21.635-03:00"},"s":"I",  "c":"STORAGE",  "id":20320,   "ctx":"initandlisten","msg":"createCollection","attr":{"namespace":"admin.system.version","uuidDisposition":"provided","uuid":{"uuid":{"$uuid":"393271ae-da32-4443-983f-0bb50915514e"}},"options":{"uuid":{"$uuid":"393271ae-da32-4443-983f-0bb50915514e"}}}}
{"t":{"$date":"2024-12-06T14:36:22.073-03:00"},"s":"I",  "c":"INDEX",    "id":20345,   "ctx":"initandlisten","msg":"Index build: done building","attr":{"buildUUID":null,"collectionUUID":{"uuid":{"$uuid":"393271ae-da32-4443-983f-0bb50915514e"}},"namespace":"admin.system.version","index":"_id_","ident":"index-1-2017327704827682654","collectionIdent":"collection-0-2017327704827682654","commitTimestamp":null}}
{"t":{"$date":"2024-12-06T14:36:22.095-03:00"},"s":"I",  "c":"REPL",     "id":20459,   "ctx":"initandlisten","msg":"Setting featureCompatibilityVersion","attr":{"newVersion":"8.0"}}
{"t":{"$date":"2024-12-06T14:36:22.095-03:00"},"s":"I",  "c":"REPL",     "id":5853300, "ctx":"initandlisten","msg":"current featureCompatibilityVersion value","attr":{"featureCompatibilityVersion":"8.0","context":"setFCV"}}
{"t":{"$date":"2024-12-06T14:36:22.095-03:00"},"s":"I",  "c":"NETWORK",  "id":4915702, "ctx":"initandlisten","msg":"Updated wire specification","attr":{"oldSpec":{"incomingExternalClient":{"minWireVersion":0,"maxWireVersion":25},"incomingInternalClient":{"minWireVersion":0,"maxWireVersion":25},"outgoing":{"minWireVersion":6,"maxWireVersion":25},"isInternalClient":true},"newSpec":{"incomingExternalClient":{"minWireVersion":0,"maxWireVersion":25},"incomingInternalClient":{"minWireVersion":25,"maxWireVersion":25},"outgoing":{"minWireVersion":25,"maxWireVersion":25},"isInternalClient":true}}}
{"t":{"$date":"2024-12-06T14:36:22.123-03:00"},"s":"I",  "c":"NETWORK",  "id":4915702, "ctx":"initandlisten","msg":"Updated wire specification","attr":{"oldSpec":{"incomingExternalClient":{"minWireVersion":0,"maxWireVersion":25},"incomingInternalClient":{"minWireVersion":25,"maxWireVersion":25},"outgoing":{"minWireVersion":25,"maxWireVersion":25},"isInternalClient":true},"newSpec":{"incomingExternalClient":{"minWireVersion":0,"maxWireVersion":25},"incomingInternalClient":{"minWireVersion":25,"maxWireVersion":25},"outgoing":{"minWireVersion":25,"maxWireVersion":25},"isInternalClient":true}}}
{"t":{"$date":"2024-12-06T14:36:22.124-03:00"},"s":"I",  "c":"REPL",     "id":5853300, "ctx":"initandlisten","msg":"current featureCompatibilityVersion value","attr":{"featureCompatibilityVersion":"8.0","context":"startup"}}
{"t":{"$date":"2024-12-06T14:36:22.125-03:00"},"s":"I",  "c":"STORAGE",  "id":5071100, "ctx":"initandlisten","msg":"Clearing temp directory"}
{"t":{"$date":"2024-12-06T14:36:22.132-03:00"},"s":"I",  "c":"CONTROL",  "id":6608200, "ctx":"initandlisten","msg":"Initializing cluster server parameters from disk"}
{"t":{"$date":"2024-12-06T14:36:22.134-03:00"},"s":"I",  "c":"CONTROL",  "id":20536,   "ctx":"initandlisten","msg":"Flow Control is enabled on this deployment"}
{"t":{"$date":"2024-12-06T14:36:24.812-03:00"},"s":"I",  "c":"FTDC",     "id":20625,   "ctx":"initandlisten","msg":"Initializing full-time diagnostic data capture","attr":{"dataDirectory":"C:/Users/Administrator/Documents/GitHub/CLIENTES_CONTINGENCIA/DATA/diagnostic.data"}}
{"t":{"$date":"2024-12-06T14:36:25.176-03:00"},"s":"W",  "c":"CONTROL",  "id":636300,  "ctx":"ftdc","msg":"Use of deprecated server parameter name","attr":{"deprecatedName":"internalQueryCacheSize","canonicalName":"internalQueryCacheMaxEntriesPerCollection"}}
{"t":{"$date":"2024-12-06T14:36:25.181-03:00"},"s":"W",  "c":"CONTROL",  "id":636300,  "ctx":"ftdc","msg":"Use of deprecated server parameter name","attr":{"deprecatedName":"oplogSamplingLogIntervalSeconds","canonicalName":"collectionSamplingLogIntervalSeconds"}}
{"t":{"$date":"2024-12-06T14:36:25.182-03:00"},"s":"I",  "c":"STORAGE",  "id":20320,   "ctx":"initandlisten","msg":"createCollection","attr":{"namespace":"local.startup_log","uuidDisposition":"generated","uuid":{"uuid":{"$uuid":"bac38670-c68f-4063-97ad-7a3ae395d05c"}},"options":{"capped":true,"size":10485760}}}
{"t":{"$date":"2024-12-06T14:36:25.182-03:00"},"s":"W",  "c":"NETWORK",  "id":23803,   "ctx":"ftdc","msg":"Use of deprecated server parameter 'sslMode', please use 'tlsMode' instead."}
{"t":{"$date":"2024-12-06T14:36:25.182-03:00"},"s":"W",  "c":"CONTROL",  "id":636300,  "ctx":"ftdc","msg":"Use of deprecated server parameter name","attr":{"deprecatedName":"wiredTigerConcurrentReadTransactions","canonicalName":"storageEngineConcurrentReadTransactions"}}
{"t":{"$date":"2024-12-06T14:36:25.182-03:00"},"s":"W",  "c":"CONTROL",  "id":636300,  "ctx":"ftdc","msg":"Use of deprecated server parameter name","attr":{"deprecatedName":"wiredTigerConcurrentWriteTransactions","canonicalName":"storageEngineConcurrentWriteTransactions"}}
{"t":{"$date":"2024-12-06T14:36:25.203-03:00"},"s":"I",  "c":"INDEX",    "id":20345,   "ctx":"initandlisten","msg":"Index build: done building","attr":{"buildUUID":null,"collectionUUID":{"uuid":{"$uuid":"bac38670-c68f-4063-97ad-7a3ae395d05c"}},"namespace":"local.startup_log","index":"_id_","ident":"index-3-2017327704827682654","collectionIdent":"collection-2-2017327704827682654","commitTimestamp":null}}
{"t":{"$date":"2024-12-06T14:36:25.205-03:00"},"s":"I",  "c":"REPL",     "id":6015317, "ctx":"initandlisten","msg":"Setting new configuration state","attr":{"newState":"ConfigReplicationDisabled","oldState":"ConfigPreStart"}}
{"t":{"$date":"2024-12-06T14:36:25.205-03:00"},"s":"I",  "c":"STORAGE",  "id":22262,   "ctx":"initandlisten","msg":"Timestamp monitor starting"}
{"t":{"$date":"2024-12-06T14:36:25.206-03:00"},"s":"I",  "c":"STORAGE",  "id":7333401, "ctx":"initandlisten","msg":"Starting the DiskSpaceMonitor"}
{"t":{"$date":"2024-12-06T14:36:25.214-03:00"},"s":"I",  "c":"NETWORK",  "id":23015,   "ctx":"listener","msg":"Listening on","attr":{"address":"127.0.0.1:27017"}}
{"t":{"$date":"2024-12-06T14:36:25.214-03:00"},"s":"I",  "c":"NETWORK",  "id":23016,   "ctx":"listener","msg":"Waiting for connections","attr":{"port":27017,"ssl":"off"}}
{"t":{"$date":"2024-12-06T14:36:25.215-03:00"},"s":"I",  "c":"CONTROL",  "id":20555,   "ctx":"initandlisten","msg":"Service running"}
{"t":{"$date":"2024-12-06T14:36:25.215-03:00"},"s":"I",  "c":"CONTROL",  "id":8423403, "ctx":"initandlisten","msg":"mongod startup complete","attr":{"Summary of time elapsed":{"Startup from clean shutdown?":true,"Statistics":{"Set up periodic runner":"0 ms","Set up online certificate status protocol manager":"0 ms","Transport layer setup":"0 ms","Run initial syncer crash recovery":"0 ms","Create storage engine lock file in the data directory":"0 ms","Get metadata describing storage engine":"0 ms","Create storage engine":"220 ms","Write current PID to file":"0 ms","Write a new metadata for storage engine":"24 ms","Initialize FCV before rebuilding indexes":"27 ms","Drop abandoned idents and get back indexes that need to be rebuilt or builds that need to be restarted":"0 ms","Rebuild indexes for collections":"0 ms","Load cluster parameters from disk for a standalone":"3 ms","Build user and roles graph":"0 ms","Set up the background thread pool responsible for waiting for opTimes to be majority committed":"4 ms","Start up the replication coordinator":"2 ms","Ensure the change stream collections on startup contain consistent data":"0 ms","Write startup options to the audit log":"0 ms","Start transport layer":"3 ms","_initAndListen total elapsed time":"3847 ms"}}}}
{"t":{"$date":"2024-12-06T14:36:25.249-03:00"},"s":"I",  "c":"CONTROL",  "id":20712,   "ctx":"LogicalSessionCacheReap","msg":"Sessions collection is not set up; waiting until next sessions reap interval","attr":{"error":"NamespaceNotFound: config.system.sessions does not exist"}}
{"t":{"$date":"2024-12-06T14:36:25.259-03:00"},"s":"I",  "c":"STORAGE",  "id":20320,   "ctx":"LogicalSessionCacheRefresh","msg":"createCollection","attr":{"namespace":"config.system.sessions","uuidDisposition":"generated","uuid":{"uuid":{"$uuid":"a9aa98d1-7831-4567-8c65-6ebe6628c270"}},"options":{}}}
{"t":{"$date":"2024-12-06T14:36:25.282-03:00"},"s":"I",  "c":"INDEX",    "id":20345,   "ctx":"LogicalSessionCacheRefresh","msg":"Index build: done building","attr":{"buildUUID":null,"collectionUUID":{"uuid":{"$uuid":"a9aa98d1-7831-4567-8c65-6ebe6628c270"}},"namespace":"config.system.sessions","index":"_id_","ident":"index-5-2017327704827682654","collectionIdent":"collection-4-2017327704827682654","commitTimestamp":null}}
{"t":{"$date":"2024-12-06T14:36:25.283-03:00"},"s":"I",  "c":"INDEX",    "id":20345,   "ctx":"LogicalSessionCacheRefresh","msg":"Index build: done building","attr":{"buildUUID":null,"collectionUUID":{"uuid":{"$uuid":"a9aa98d1-7831-4567-8c65-6ebe6628c270"}},"namespace":"config.system.sessions","index":"lsidTTLIndex","ident":"index-6-2017327704827682654","collectionIdent":"collection-4-2017327704827682654","commitTimestamp":null}}
{"t":{"$date":"2024-12-06T14:37:21.633-03:00"},"s":"I",  "c":"WTCHKPT",  "id":22430,   "ctx":"Checkpointer","msg":"WiredTiger message","attr":{"message":{"ts_sec":1733506641,"ts_usec":632808,"thread":"5328:140707679395456","session_name":"WT_SESSION.checkpoint","category":"WT_VERB_CHECKPOINT_PROGRESS","category_id":7,"verbose_level":"DEBUG_1","verbose_level_id":1,"msg":"saving checkpoint snapshot min: 33, snapshot max: 33 snapshot count: 0, oldest timestamp: (0, 0) , meta checkpoint timestamp: (0, 0) base write gen: 1"}}}
{"t":{"$date":"2024-12-06T14:38:21.650-03:00"},"s":"I",  "c":"WTCHKPT",  "id":22430,   "ctx":"Checkpointer","msg":"WiredTiger message","attr":{"message":{"ts_sec":1733506701,"ts_usec":650431,"thread":"5328:140707679395456","session_name":"WT_SESSION.checkpoint","category":"WT_VERB_CHECKPOINT_PROGRESS","category_id":7,"verbose_level":"DEBUG_1","verbose_level_id":1,"msg":"saving checkpoint snapshot min: 35, snapshot max: 35 snapshot count: 0, oldest timestamp: (0, 0) , meta checkpoint timestamp: (0, 0) base write gen: 1"}}}
{"t":{"$date":"2024-12-06T14:38:35.274-03:00"},"s":"I",  "c":"CONTROL",  "id":23315,   "ctx":"serviceShutdown","msg":"Received request from Windows Service Control Manager","attr":{"code":"SERVICE_CONTROL_PRESHUTDOWN","inShutdown":"false"}}
{"t":{"$date":"2024-12-06T14:38:35.274-03:00"},"s":"I",  "c":"REPL",     "id":4784900, "ctx":"serviceShutdown","msg":"Stepping down the ReplicationCoordinator for shutdown","attr":{"waitTimeMillis":15000}}
{"t":{"$date":"2024-12-06T14:38:35.279-03:00"},"s":"I",  "c":"REPL",     "id":4794602, "ctx":"serviceShutdown","msg":"Attempting to enter quiesce mode"}
{"t":{"$date":"2024-12-06T14:38:35.279-03:00"},"s":"I",  "c":"STORAGE",  "id":7333402, "ctx":"serviceShutdown","msg":"Shutting down the DiskSpaceMonitor"}
{"t":{"$date":"2024-12-06T14:38:35.282-03:00"},"s":"I",  "c":"-",        "id":6371601, "ctx":"serviceShutdown","msg":"Shutting down the FLE Crud thread pool"}
{"t":{"$date":"2024-12-06T14:38:35.282-03:00"},"s":"I",  "c":"COMMAND",  "id":4784901, "ctx":"serviceShutdown","msg":"Shutting down the MirrorMaestro"}
{"t":{"$date":"2024-12-06T14:38:35.282-03:00"},"s":"I",  "c":"SHARDING", "id":4784902, "ctx":"serviceShutdown","msg":"Shutting down the WaitForMajorityService"}
{"t":{"$date":"2024-12-06T14:38:35.286-03:00"},"s":"I",  "c":"CONTROL",  "id":4784903, "ctx":"serviceShutdown","msg":"Shutting down the LogicalSessionCache"}
{"t":{"$date":"2024-12-06T14:38:35.287-03:00"},"s":"I",  "c":"NETWORK",  "id":8314100, "ctx":"serviceShutdown","msg":"Shutdown: Closing listener sockets"}
{"t":{"$date":"2024-12-06T14:38:35.287-03:00"},"s":"I",  "c":"NETWORK",  "id":4784905, "ctx":"serviceShutdown","msg":"Shutting down the global connection pool"}
{"t":{"$date":"2024-12-06T14:38:35.288-03:00"},"s":"I",  "c":"CONTROL",  "id":4784906, "ctx":"serviceShutdown","msg":"Shutting down the FlowControlTicketholder"}
{"t":{"$date":"2024-12-06T14:38:35.288-03:00"},"s":"I",  "c":"-",        "id":20520,   "ctx":"serviceShutdown","msg":"Stopping further Flow Control ticket acquisitions."}
{"t":{"$date":"2024-12-06T14:38:35.289-03:00"},"s":"I",  "c":"CONTROL",  "id":4784908, "ctx":"serviceShutdown","msg":"Shutting down the PeriodicThreadToAbortExpiredTransactions"}
{"t":{"$date":"2024-12-06T14:38:35.289-03:00"},"s":"I",  "c":"REPL",     "id":4784909, "ctx":"serviceShutdown","msg":"Shutting down the ReplicationCoordinator"}
{"t":{"$date":"2024-12-06T14:38:35.289-03:00"},"s":"I",  "c":"SHARDING", "id":4784910, "ctx":"serviceShutdown","msg":"Shutting down the ShardingInitializationMongoD"}
{"t":{"$date":"2024-12-06T14:38:35.289-03:00"},"s":"I",  "c":"REPL",     "id":4784911, "ctx":"serviceShutdown","msg":"Enqueuing the ReplicationStateTransitionLock for shutdown"}
{"t":{"$date":"2024-12-06T14:38:35.289-03:00"},"s":"I",  "c":"-",        "id":4784912, "ctx":"serviceShutdown","msg":"Killing all operations for shutdown"}
{"t":{"$date":"2024-12-06T14:38:35.289-03:00"},"s":"I",  "c":"-",        "id":4695300, "ctx":"serviceShutdown","msg":"Interrupted all currently running operations","attr":{"opsKilled":3}}
{"t":{"$date":"2024-12-06T14:38:35.289-03:00"},"s":"I",  "c":"TENANT_M", "id":5093807, "ctx":"serviceShutdown","msg":"Shutting down all TenantMigrationAccessBlockers on global shutdown"}
{"t":{"$date":"2024-12-06T14:38:35.294-03:00"},"s":"I",  "c":"ASIO",     "id":6529201, "ctx":"serviceShutdown","msg":"Network interface redundant shutdown","attr":{"state":"Stopped"}}
{"t":{"$date":"2024-12-06T14:38:35.295-03:00"},"s":"I",  "c":"ASIO",     "id":22582,   "ctx":"serviceShutdown","msg":"Killing all outstanding egress activity."}
{"t":{"$date":"2024-12-06T14:38:35.297-03:00"},"s":"I",  "c":"COMMAND",  "id":4784913, "ctx":"serviceShutdown","msg":"Shutting down all open transactions"}
{"t":{"$date":"2024-12-06T14:38:35.297-03:00"},"s":"I",  "c":"REPL",     "id":4784914, "ctx":"serviceShutdown","msg":"Acquiring the ReplicationStateTransitionLock for shutdown"}
{"t":{"$date":"2024-12-06T14:38:35.297-03:00"},"s":"I",  "c":"INDEX",    "id":4784915, "ctx":"serviceShutdown","msg":"Shutting down the IndexBuildsCoordinator"}
{"t":{"$date":"2024-12-06T14:38:35.297-03:00"},"s":"I",  "c":"NETWORK",  "id":4784918, "ctx":"serviceShutdown","msg":"Shutting down the ReplicaSetMonitor"}
{"t":{"$date":"2024-12-06T14:38:35.299-03:00"},"s":"I",  "c":"SHARDING", "id":4784921, "ctx":"serviceShutdown","msg":"Shutting down the MigrationUtilExecutor"}
{"t":{"$date":"2024-12-06T14:38:35.301-03:00"},"s":"I",  "c":"ASIO",     "id":22582,   "ctx":"MigrationUtil-TaskExecutor","msg":"Killing all outstanding egress activity."}
{"t":{"$date":"2024-12-06T14:38:35.301-03:00"},"s":"I",  "c":"NETWORK",  "id":20562,   "ctx":"serviceShutdown","msg":"Shutdown: Closing open transport sessions"}
{"t":{"$date":"2024-12-06T14:38:35.301-03:00"},"s":"I",  "c":"NETWORK",  "id":4784923, "ctx":"serviceShutdown","msg":"Shutting down the ASIO transport SessionManager"}
{"t":{"$date":"2024-12-06T14:38:35.301-03:00"},"s":"I",  "c":"CONTROL",  "id":4784927, "ctx":"serviceShutdown","msg":"Shutting down the HealthLog"}
{"t":{"$date":"2024-12-06T14:38:35.301-03:00"},"s":"I",  "c":"CONTROL",  "id":4784928, "ctx":"serviceShutdown","msg":"Shutting down the TTL monitor"}
{"t":{"$date":"2024-12-06T14:38:35.301-03:00"},"s":"I",  "c":"INDEX",    "id":3684100, "ctx":"serviceShutdown","msg":"Shutting down TTL collection monitor thread"}
{"t":{"$date":"2024-12-06T14:38:35.303-03:00"},"s":"I",  "c":"INDEX",    "id":3684101, "ctx":"serviceShutdown","msg":"Finished shutting down TTL collection monitor thread"}
{"t":{"$date":"2024-12-06T14:38:35.303-03:00"},"s":"I",  "c":"CONTROL",  "id":6278511, "ctx":"serviceShutdown","msg":"Shutting down the Change Stream Expired Pre-images Remover"}
{"t":{"$date":"2024-12-06T14:38:35.303-03:00"},"s":"I",  "c":"CONTROL",  "id":4784929, "ctx":"serviceShutdown","msg":"Acquiring the global lock for shutdown"}
{"t":{"$date":"2024-12-06T14:38:35.303-03:00"},"s":"I",  "c":"CONTROL",  "id":4784930, "ctx":"serviceShutdown","msg":"Shutting down the storage engine"}
{"t":{"$date":"2024-12-06T14:38:35.303-03:00"},"s":"I",  "c":"STORAGE",  "id":22320,   "ctx":"serviceShutdown","msg":"Shutting down journal flusher thread"}
{"t":{"$date":"2024-12-06T14:38:35.303-03:00"},"s":"I",  "c":"STORAGE",  "id":22321,   "ctx":"serviceShutdown","msg":"Finished shutting down journal flusher thread"}
{"t":{"$date":"2024-12-06T14:38:35.303-03:00"},"s":"I",  "c":"STORAGE",  "id":22322,   "ctx":"serviceShutdown","msg":"Shutting down checkpoint thread"}
{"t":{"$date":"2024-12-06T14:38:35.304-03:00"},"s":"I",  "c":"STORAGE",  "id":22323,   "ctx":"serviceShutdown","msg":"Finished shutting down checkpoint thread"}
{"t":{"$date":"2024-12-06T14:38:35.304-03:00"},"s":"I",  "c":"STORAGE",  "id":22261,   "ctx":"serviceShutdown","msg":"Timestamp monitor shutting down"}
{"t":{"$date":"2024-12-06T14:38:35.304-03:00"},"s":"I",  "c":"STORAGE",  "id":20282,   "ctx":"serviceShutdown","msg":"Deregistering all the collections"}
{"t":{"$date":"2024-12-06T14:38:35.304-03:00"},"s":"I",  "c":"STORAGE",  "id":22317,   "ctx":"serviceShutdown","msg":"WiredTigerKVEngine shutting down"}
{"t":{"$date":"2024-12-06T14:38:35.304-03:00"},"s":"I",  "c":"STORAGE",  "id":22318,   "ctx":"serviceShutdown","msg":"Shutting down session sweeper thread"}
{"t":{"$date":"2024-12-06T14:38:35.304-03:00"},"s":"I",  "c":"STORAGE",  "id":22319,   "ctx":"serviceShutdown","msg":"Finished shutting down session sweeper thread"}
{"t":{"$date":"2024-12-06T14:38:35.304-03:00"},"s":"I",  "c":"STORAGE",  "id":4795902, "ctx":"serviceShutdown","msg":"Closing WiredTiger","attr":{"closeConfig":"leak_memory=true,use_timestamp=false,"}}
{"t":{"$date":"2024-12-06T14:38:35.306-03:00"},"s":"I",  "c":"WTCHKPT",  "id":22430,   "ctx":"serviceShutdown","msg":"WiredTiger message","attr":{"message":{"ts_sec":1733506715,"ts_usec":306303,"thread":"5328:140707679395456","session_name":"close_ckpt","category":"WT_VERB_CHECKPOINT_PROGRESS","category_id":7,"verbose_level":"DEBUG_1","verbose_level_id":1,"msg":"saving checkpoint snapshot min: 36, snapshot max: 36 snapshot count: 0, oldest timestamp: (0, 0) , meta checkpoint timestamp: (0, 0) base write gen: 1"}}}
{"t":{"$date":"2024-12-06T14:38:35.322-03:00"},"s":"I",  "c":"WTRECOV",  "id":22430,   "ctx":"serviceShutdown","msg":"WiredTiger message","attr":{"message":{"ts_sec":1733506715,"ts_usec":322309,"thread":"5328:140707679395456","session_name":"WT_CONNECTION.close","category":"WT_VERB_RECOVERY_PROGRESS","category_id":34,"verbose_level":"DEBUG_1","verbose_level_id":1,"msg":"shutdown checkpoint has successfully finished and ran for 16 milliseconds"}}}
{"t":{"$date":"2024-12-06T14:38:35.323-03:00"},"s":"I",  "c":"WTRECOV",  "id":22430,   "ctx":"serviceShutdown","msg":"WiredTiger message","attr":{"message":{"ts_sec":1733506715,"ts_usec":323303,"thread":"5328:140707679395456","session_name":"WT_CONNECTION.close","category":"WT_VERB_RECOVERY_PROGRESS","category_id":34,"verbose_level":"DEBUG_1","verbose_level_id":1,"msg":"shutdown was completed successfully and took 19ms, including 0ms for the rollback to stable, and 16ms for the checkpoint."}}}
{"t":{"$date":"2024-12-06T14:38:35.367-03:00"},"s":"I",  "c":"STORAGE",  "id":4795901, "ctx":"serviceShutdown","msg":"WiredTiger closed","attr":{"durationMillis":63}}
{"t":{"$date":"2024-12-06T14:38:35.367-03:00"},"s":"I",  "c":"STORAGE",  "id":22281,   "ctx":"serviceShutdown","msg":"shutdown: removing fs lock..."}
{"t":{"$date":"2024-12-06T14:38:35.367-03:00"},"s":"I",  "c":"-",        "id":4784931, "ctx":"serviceShutdown","msg":"Dropping the scope cache for shutdown"}
{"t":{"$date":"2024-12-06T14:38:35.367-03:00"},"s":"I",  "c":"FTDC",     "id":20626,   "ctx":"serviceShutdown","msg":"Shutting down full-time diagnostic data capture"}
{"t":{"$date":"2024-12-06T14:38:35.372-03:00"},"s":"I",  "c":"CONTROL",  "id":20565,   "ctx":"serviceShutdown","msg":"Now exiting"}
{"t":{"$date":"2024-12-06T14:38:35.373-03:00"},"s":"I",  "c":"CONTROL",  "id":8423404, "ctx":"serviceShutdown","msg":"mongod shutdown complete","attr":{"Summary of time elapsed":{"Statistics":{"Enter terminal shutdown":"0 ms","Step down the replication coordinator for shutdown":"5 ms","Time spent in quiesce mode":"0 ms","Shut down FLE Crud subsystem":"3 ms","Shut down MirrorMaestro":"0 ms","Shut down WaitForMajorityService":"3 ms","Shut down the logical session cache":"1 ms","Shut down the global connection pool":"0 ms","Shut down the flow control ticket holder":"1 ms","Shut down the thread that aborts expired transactions":"1 ms","Kill all operations for shutdown":"0 ms","Shut down all tenant migration access blockers on global shutdown":"6 ms","Shut down all open transactions":"2 ms","Acquire the RSTL for shutdown":"0 ms","Shut down the IndexBuildsCoordinator and wait for index builds to finish":"0 ms","Shut down the replica set monitor":"0 ms","Shut down the migration util executor":"2 ms","Shut down the transport layer":"0 ms","Shut down the health log":"0 ms","Shut down the TTL monitor":"2 ms","Shut down expired pre-images and documents removers":"0 ms","Shut down the storage engine":"64 ms","Wait for the oplog cap maintainer thread to stop":"0 ms","Shut down full-time data capture":"0 ms","Shut down online certificate status protocol manager":"0 ms","shutdownTask total elapsed time":"98 ms"}}}}

{"t":{"$date":"2024-12-06T14:39:21.209-03:00"},"s":"I",  "c":"CONTROL",  "id":20698,   "ctx":"thread1","msg":"***** SERVER RESTARTED *****"}
{"t":{"$date":"2024-12-06T14:39:40.089-03:00"},"s":"I",  "c":"CONTROL",  "id":23285,   "ctx":"thread1","msg":"Automatically disabling TLS 1.0, to force-enable TLS 1.0 specify --sslDisabledProtocols 'none'"}
{"t":{"$date":"2024-12-06T14:39:40.089-03:00"},"s":"I",  "c":"CONTROL",  "id":5945603, "ctx":"thread1","msg":"Multi threading initialized"}
{"t":{"$date":"2024-12-06T14:39:40.100-03:00"},"s":"I",  "c":"NETWORK",  "id":4648601, "ctx":"thread1","msg":"Implicit TCP FastOpen unavailable. If TCP FastOpen is required, set at least one of the related parameters","attr":{"relatedParameters":["tcpFastOpenServer","tcpFastOpenClient","tcpFastOpenQueueSize"]}}
{"t":{"$date":"2024-12-06T14:39:40.166-03:00"},"s":"I",  "c":"NETWORK",  "id":4915701, "ctx":"thread1","msg":"Initialized wire specification","attr":{"spec":{"incomingExternalClient":{"minWireVersion":0,"maxWireVersion":25},"incomingInternalClient":{"minWireVersion":0,"maxWireVersion":25},"outgoing":{"minWireVersion":6,"maxWireVersion":25},"isInternalClient":true}}}
{"t":{"$date":"2024-12-06T14:39:40.180-03:00"},"s":"I",  "c":"CONTROL",  "id":23316,   "ctx":"thread1","msg":"Trying to start Windows service","attr":{"serviceName":"MongoDB"}}
{"t":{"$date":"2024-12-06T14:39:40.181-03:00"},"s":"I",  "c":"CONTROL",  "id":4615611, "ctx":"initandlisten","msg":"MongoDB starting","attr":{"pid":2748,"port":27017,"dbPath":"C:/Users/Administrator/Documents/GitHub/CLIENTES_CONTINGENCIA/DATA","architecture":"64-bit","host":"WindowsServer347255704"}}
{"t":{"$date":"2024-12-06T14:39:40.181-03:00"},"s":"I",  "c":"CONTROL",  "id":23398,   "ctx":"initandlisten","msg":"Target operating system minimum version","attr":{"targetMinOS":"Windows 7/Windows Server 2008 R2"}}
{"t":{"$date":"2024-12-06T14:39:40.182-03:00"},"s":"I",  "c":"CONTROL",  "id":23403,   "ctx":"initandlisten","msg":"Build Info","attr":{"buildInfo":{"version":"8.0.3","gitVersion":"89d97f2744a2b9851ddfb51bdf22f687562d9b06","modules":[],"allocator":"tcmalloc-gperf","environment":{"distmod":"windows","distarch":"x86_64","target_arch":"x86_64"}}}}
{"t":{"$date":"2024-12-06T14:39:40.184-03:00"},"s":"I",  "c":"CONTROL",  "id":51765,   "ctx":"initandlisten","msg":"Operating System","attr":{"os":{"name":"Microsoft Windows Server 2019","version":"10.0 (build 20348)"}}}
{"t":{"$date":"2024-12-06T14:39:40.184-03:00"},"s":"I",  "c":"CONTROL",  "id":21951,   "ctx":"initandlisten","msg":"Options set by command line","attr":{"options":{"config":"C:\\Program Files\\MongoDB\\Server\\8.0\\bin\\mongod.cfg","net":{"bindIp":"127.0.0.1","port":27017},"service":true,"storage":{"dbPath":"C:\\Users\\Administrator\\Documents\\GitHub\\CLIENTES_CONTINGENCIA\\DATA"},"systemLog":{"destination":"file","logAppend":true,"path":"C:\\Users\\Administrator\\Documents\\GitHub\\CLIENTES_CONTINGENCIA\\log\\mongod.log"}}}}
{"t":{"$date":"2024-12-06T14:39:40.219-03:00"},"s":"I",  "c":"STORAGE",  "id":22270,   "ctx":"initandlisten","msg":"Storage engine to use detected by data files","attr":{"dbpath":"C:/Users/Administrator/Documents/GitHub/CLIENTES_CONTINGENCIA/DATA","storageEngine":"wiredTiger"}}
{"t":{"$date":"2024-12-06T14:39:40.221-03:00"},"s":"I",  "c":"STORAGE",  "id":22315,   "ctx":"initandlisten","msg":"Opening WiredTiger","attr":{"config":"create,cache_size=2559M,session_max=33000,eviction=(threads_min=4,threads_max=4),config_base=false,statistics=(fast),log=(enabled=true,remove=true,path=journal,compressor=snappy),builtin_extension_config=(zstd=(compression_level=6)),file_manager=(close_idle_time=600,close_scan_interval=10,close_handle_minimum=2000),statistics_log=(wait=0),json_output=(error,message),verbose=[recovery_progress:1,checkpoint_progress:1,compact_progress:1,backup:0,checkpoint:0,compact:0,evict:0,history_store:0,recovery:0,rts:0,salvage:0,tiered:0,timestamp:0,transaction:0,verify:0,log:0],prefetch=(available=true,default=false),"}}
{"t":{"$date":"2024-12-06T14:39:40.402-03:00"},"s":"I",  "c":"WTRECOV",  "id":22430,   "ctx":"initandlisten","msg":"WiredTiger message","attr":{"message":{"ts_sec":1733506780,"ts_usec":400211,"thread":"2748:140734665350784","session_name":"txn-recover","category":"WT_VERB_RECOVERY_PROGRESS","category_id":34,"verbose_level":"DEBUG_1","verbose_level_id":1,"msg":"Recovering log 1 through 2"}}}
{"t":{"$date":"2024-12-06T14:39:40.529-03:00"},"s":"I",  "c":"WTRECOV",  "id":22430,   "ctx":"initandlisten","msg":"WiredTiger message","attr":{"message":{"ts_sec":1733506780,"ts_usec":528437,"thread":"2748:140734665350784","session_name":"txn-recover","category":"WT_VERB_RECOVERY_PROGRESS","category_id":34,"verbose_level":"DEBUG_1","verbose_level_id":1,"msg":"Recovering log 2 through 2"}}}
{"t":{"$date":"2024-12-06T14:39:40.713-03:00"},"s":"I",  "c":"WTRECOV",  "id":22430,   "ctx":"initandlisten","msg":"WiredTiger message","attr":{"message":{"ts_sec":1733506780,"ts_usec":713327,"thread":"2748:140734665350784","session_name":"txn-recover","category":"WT_VERB_RECOVERY_PROGRESS","category_id":34,"verbose_level":"DEBUG_1","verbose_level_id":1,"msg":"Main recovery loop: starting at 1/23808 to 2/256"}}}
{"t":{"$date":"2024-12-06T14:39:40.979-03:00"},"s":"I",  "c":"WTRECOV",  "id":22430,   "ctx":"initandlisten","msg":"WiredTiger message","attr":{"message":{"ts_sec":1733506780,"ts_usec":978731,"thread":"2748:140734665350784","session_name":"txn-recover","category":"WT_VERB_RECOVERY_PROGRESS","category_id":34,"verbose_level":"DEBUG_1","verbose_level_id":1,"msg":"Recovering log 1 through 2"}}}
{"t":{"$date":"2024-12-06T14:39:41.092-03:00"},"s":"I",  "c":"WTRECOV",  "id":22430,   "ctx":"initandlisten","msg":"WiredTiger message","attr":{"message":{"ts_sec":1733506781,"ts_usec":92052,"thread":"2748:140734665350784","session_name":"txn-recover","category":"WT_VERB_RECOVERY_PROGRESS","category_id":34,"verbose_level":"DEBUG_1","verbose_level_id":1,"msg":"Recovering log 2 through 2"}}}
{"t":{"$date":"2024-12-06T14:39:41.214-03:00"},"s":"I",  "c":"WTRECOV",  "id":22430,   "ctx":"initandlisten","msg":"WiredTiger message","attr":{"message":{"ts_sec":1733506781,"ts_usec":213341,"thread":"2748:140734665350784","session_name":"txn-recover","category":"WT_VERB_RECOVERY_PROGRESS","category_id":34,"verbose_level":"DEBUG_1","verbose_level_id":1,"msg":"recovery log replay has successfully finished and ran for 815 milliseconds"}}}
{"t":{"$date":"2024-12-06T14:39:41.216-03:00"},"s":"I",  "c":"WTRECOV",  "id":22430,   "ctx":"initandlisten","msg":"WiredTiger message","attr":{"message":{"ts_sec":1733506781,"ts_usec":216320,"thread":"2748:140734665350784","session_name":"txn-recover","category":"WT_VERB_RECOVERY_PROGRESS","category_id":34,"verbose_level":"DEBUG_1","verbose_level_id":1,"msg":"Set global recovery timestamp: (0, 0)"}}}
{"t":{"$date":"2024-12-06T14:39:41.216-03:00"},"s":"I",  "c":"WTRECOV",  "id":22430,   "ctx":"initandlisten","msg":"WiredTiger message","attr":{"message":{"ts_sec":1733506781,"ts_usec":216320,"thread":"2748:140734665350784","session_name":"txn-recover","category":"WT_VERB_RECOVERY_PROGRESS","category_id":34,"verbose_level":"DEBUG_1","verbose_level_id":1,"msg":"Set global oldest timestamp: (0, 0)"}}}
{"t":{"$date":"2024-12-06T14:39:41.222-03:00"},"s":"I",  "c":"WTRECOV",  "id":22430,   "ctx":"initandlisten","msg":"WiredTiger message","attr":{"message":{"ts_sec":1733506781,"ts_usec":222289,"thread":"2748:140734665350784","session_name":"txn-recover","category":"WT_VERB_RECOVERY_PROGRESS","category_id":34,"verbose_level":"DEBUG_1","verbose_level_id":1,"msg":"recovery rollback to stable has successfully finished and ran for 5 milliseconds"}}}
{"t":{"$date":"2024-12-06T14:39:41.227-03:00"},"s":"I",  "c":"WTCHKPT",  "id":22430,   "ctx":"initandlisten","msg":"WiredTiger message","attr":{"message":{"ts_sec":1733506781,"ts_usec":227261,"thread":"2748:140734665350784","session_name":"WT_SESSION.checkpoint","category":"WT_VERB_CHECKPOINT_PROGRESS","category_id":7,"verbose_level":"DEBUG_1","verbose_level_id":1,"msg":"saving checkpoint snapshot min: 1, snapshot max: 1 snapshot count: 0, oldest timestamp: (0, 0) , meta checkpoint timestamp: (0, 0) base write gen: 13"}}}
{"t":{"$date":"2024-12-06T14:39:41.256-03:00"},"s":"I",  "c":"WTRECOV",  "id":22430,   "ctx":"initandlisten","msg":"WiredTiger message","attr":{"message":{"ts_sec":1733506781,"ts_usec":256098,"thread":"2748:140734665350784","session_name":"txn-recover","category":"WT_VERB_RECOVERY_PROGRESS","category_id":34,"verbose_level":"DEBUG_1","verbose_level_id":1,"msg":"recovery checkpoint has successfully finished and ran for 33 milliseconds"}}}
{"t":{"$date":"2024-12-06T14:39:41.256-03:00"},"s":"I",  "c":"WTRECOV",  "id":22430,   "ctx":"initandlisten","msg":"WiredTiger message","attr":{"message":{"ts_sec":1733506781,"ts_usec":256098,"thread":"2748:140734665350784","session_name":"txn-recover","category":"WT_VERB_RECOVERY_PROGRESS","category_id":34,"verbose_level":"DEBUG_1","verbose_level_id":1,"msg":"recovery was completed successfully and took 857ms, including 815ms for the log replay, 5ms for the rollback to stable, and 33ms for the checkpoint."}}}
{"t":{"$date":"2024-12-06T14:39:41.263-03:00"},"s":"I",  "c":"STORAGE",  "id":4795906, "ctx":"initandlisten","msg":"WiredTiger opened","attr":{"durationMillis":1042}}
{"t":{"$date":"2024-12-06T14:39:41.263-03:00"},"s":"I",  "c":"RECOVERY", "id":23987,   "ctx":"initandlisten","msg":"WiredTiger recoveryTimestamp","attr":{"recoveryTimestamp":{"$timestamp":{"t":0,"i":0}}}}
{"t":{"$date":"2024-12-06T14:39:41.403-03:00"},"s":"W",  "c":"CONTROL",  "id":22120,   "ctx":"initandlisten","msg":"Access control is not enabled for the database. Read and write access to data and configuration is unrestricted","tags":["startupWarnings"]}
{"t":{"$date":"2024-12-06T14:39:41.465-03:00"},"s":"I",  "c":"NETWORK",  "id":4915702, "ctx":"initandlisten","msg":"Updated wire specification","attr":{"oldSpec":{"incomingExternalClient":{"minWireVersion":0,"maxWireVersion":25},"incomingInternalClient":{"minWireVersion":0,"maxWireVersion":25},"outgoing":{"minWireVersion":6,"maxWireVersion":25},"isInternalClient":true},"newSpec":{"incomingExternalClient":{"minWireVersion":0,"maxWireVersion":25},"incomingInternalClient":{"minWireVersion":25,"maxWireVersion":25},"outgoing":{"minWireVersion":25,"maxWireVersion":25},"isInternalClient":true}}}
{"t":{"$date":"2024-12-06T14:39:41.465-03:00"},"s":"I",  "c":"REPL",     "id":5853300, "ctx":"initandlisten","msg":"current featureCompatibilityVersion value","attr":{"featureCompatibilityVersion":"8.0","context":"startup"}}
{"t":{"$date":"2024-12-06T14:39:41.466-03:00"},"s":"I",  "c":"STORAGE",  "id":5071100, "ctx":"initandlisten","msg":"Clearing temp directory"}
{"t":{"$date":"2024-12-06T14:39:41.472-03:00"},"s":"I",  "c":"CONTROL",  "id":6608200, "ctx":"initandlisten","msg":"Initializing cluster server parameters from disk"}
{"t":{"$date":"2024-12-06T14:39:41.472-03:00"},"s":"I",  "c":"CONTROL",  "id":20536,   "ctx":"initandlisten","msg":"Flow Control is enabled on this deployment"}
{"t":{"$date":"2024-12-06T14:39:41.869-03:00"},"s":"I",  "c":"FTDC",     "id":20625,   "ctx":"initandlisten","msg":"Initializing full-time diagnostic data capture","attr":{"dataDirectory":"C:/Users/Administrator/Documents/GitHub/CLIENTES_CONTINGENCIA/DATA/diagnostic.data"}}
{"t":{"$date":"2024-12-06T14:39:41.937-03:00"},"s":"I",  "c":"REPL",     "id":6015317, "ctx":"initandlisten","msg":"Setting new configuration state","attr":{"newState":"ConfigReplicationDisabled","oldState":"ConfigPreStart"}}
{"t":{"$date":"2024-12-06T14:39:41.937-03:00"},"s":"I",  "c":"STORAGE",  "id":22262,   "ctx":"initandlisten","msg":"Timestamp monitor starting"}
{"t":{"$date":"2024-12-06T14:39:41.938-03:00"},"s":"I",  "c":"STORAGE",  "id":7333401, "ctx":"initandlisten","msg":"Starting the DiskSpaceMonitor"}
{"t":{"$date":"2024-12-06T14:39:41.942-03:00"},"s":"I",  "c":"NETWORK",  "id":23015,   "ctx":"listener","msg":"Listening on","attr":{"address":"127.0.0.1:27017"}}
{"t":{"$date":"2024-12-06T14:39:41.942-03:00"},"s":"I",  "c":"NETWORK",  "id":23016,   "ctx":"listener","msg":"Waiting for connections","attr":{"port":27017,"ssl":"off"}}
{"t":{"$date":"2024-12-06T14:39:41.942-03:00"},"s":"I",  "c":"CONTROL",  "id":20555,   "ctx":"initandlisten","msg":"Service running"}
{"t":{"$date":"2024-12-06T14:39:41.942-03:00"},"s":"I",  "c":"CONTROL",  "id":8423403, "ctx":"initandlisten","msg":"mongod startup complete","attr":{"Summary of time elapsed":{"Startup from clean shutdown?":true,"Statistics":{"Set up periodic runner":"0 ms","Set up online certificate status protocol manager":"0 ms","Transport layer setup":"0 ms","Run initial syncer crash recovery":"0 ms","Create storage engine lock file in the data directory":"0 ms","Get metadata describing storage engine":"0 ms","Validate options in metadata against current startup options":"0 ms","Create storage engine":"1180 ms","Write current PID to file":"0 ms","Initialize FCV before rebuilding indexes":"61 ms","Drop abandoned idents and get back indexes that need to be rebuilt or builds that need to be restarted":"0 ms","Rebuild indexes for collections":"0 ms","Load cluster parameters from disk for a standalone":"1 ms","Build user and roles graph":"0 ms","Set up the background thread pool responsible for waiting for opTimes to be majority committed":"3 ms","Start up the replication coordinator":"0 ms","Ensure the change stream collections on startup contain consistent data":"0 ms","Write startup options to the audit log":"0 ms","Start transport layer":"1 ms","_initAndListen total elapsed time":"1761 ms"}}}}
{"t":{"$date":"2024-12-06T14:39:42.019-03:00"},"s":"W",  "c":"CONTROL",  "id":636300,  "ctx":"ftdc","msg":"Use of deprecated server parameter name","attr":{"deprecatedName":"internalQueryCacheSize","canonicalName":"internalQueryCacheMaxEntriesPerCollection"}}
{"t":{"$date":"2024-12-06T14:39:42.020-03:00"},"s":"W",  "c":"CONTROL",  "id":636300,  "ctx":"ftdc","msg":"Use of deprecated server parameter name","attr":{"deprecatedName":"oplogSamplingLogIntervalSeconds","canonicalName":"collectionSamplingLogIntervalSeconds"}}
{"t":{"$date":"2024-12-06T14:39:42.020-03:00"},"s":"W",  "c":"NETWORK",  "id":23803,   "ctx":"ftdc","msg":"Use of deprecated server parameter 'sslMode', please use 'tlsMode' instead."}
{"t":{"$date":"2024-12-06T14:39:42.020-03:00"},"s":"W",  "c":"CONTROL",  "id":636300,  "ctx":"ftdc","msg":"Use of deprecated server parameter name","attr":{"deprecatedName":"wiredTigerConcurrentReadTransactions","canonicalName":"storageEngineConcurrentReadTransactions"}}
{"t":{"$date":"2024-12-06T14:39:42.020-03:00"},"s":"W",  "c":"CONTROL",  "id":636300,  "ctx":"ftdc","msg":"Use of deprecated server parameter name","attr":{"deprecatedName":"wiredTigerConcurrentWriteTransactions","canonicalName":"storageEngineConcurrentWriteTransactions"}}
{"t":{"$date":"2024-12-06T14:40:41.320-03:00"},"s":"I",  "c":"WTCHKPT",  "id":22430,   "ctx":"Checkpointer","msg":"WiredTiger message","attr":{"message":{"ts_sec":1733506841,"ts_usec":319897,"thread":"2748:140734665350784","session_name":"WT_SESSION.checkpoint","category":"WT_VERB_CHECKPOINT_PROGRESS","category_id":7,"verbose_level":"DEBUG_1","verbose_level_id":1,"msg":"saving checkpoint snapshot min: 4, snapshot max: 4 snapshot count: 0, oldest timestamp: (0, 0) , meta checkpoint timestamp: (0, 0) base write gen: 13"}}}
{"t":{"$date":"2024-12-06T14:41:10.727-03:00"},"s":"I",  "c":"NETWORK",  "id":22943,   "ctx":"listener","msg":"Connection accepted","attr":{"remote":"127.0.0.1:49703","uuid":{"uuid":{"$uuid":"f82d44a3-676a-41d4-8e30-dcfcfc3c8b8f"}},"connectionId":1,"connectionCount":1}}
{"t":{"$date":"2024-12-06T14:41:10.735-03:00"},"s":"I",  "c":"NETWORK",  "id":51800,   "ctx":"conn1","msg":"client metadata","attr":{"remote":"127.0.0.1:49703","client":"conn1","negotiatedCompressors":[],"doc":{"application":{"name":"MongoDB Compass"},"driver":{"name":"nodejs","version":"6.9.0"},"platform":"Node.js v20.18.0, LE","os":{"name":"win32","architecture":"x64","version":"10.0.20348","type":"Windows_NT"}}}}
{"t":{"$date":"2024-12-06T14:41:10.762-03:00"},"s":"I",  "c":"NETWORK",  "id":22943,   "ctx":"listener","msg":"Connection accepted","attr":{"remote":"127.0.0.1:49704","uuid":{"uuid":{"$uuid":"576180cd-3d48-410d-9e6a-51fce1919b15"}},"connectionId":2,"connectionCount":2}}
{"t":{"$date":"2024-12-06T14:41:10.767-03:00"},"s":"I",  "c":"NETWORK",  "id":51800,   "ctx":"conn2","msg":"client metadata","attr":{"remote":"127.0.0.1:49704","client":"conn2","negotiatedCompressors":[],"doc":{"application":{"name":"MongoDB Compass"},"driver":{"name":"nodejs","version":"6.9.0"},"platform":"Node.js v20.18.0, LE","os":{"name":"win32","architecture":"x64","version":"10.0.20348","type":"Windows_NT"}}}}
{"t":{"$date":"2024-12-06T14:41:10.771-03:00"},"s":"I",  "c":"NETWORK",  "id":6788700, "ctx":"conn2","msg":"Received first command on ingress connection since session start or auth handshake","attr":{"elapsedMillis":3}}
{"t":{"$date":"2024-12-06T14:41:10.905-03:00"},"s":"I",  "c":"NETWORK",  "id":22943,   "ctx":"listener","msg":"Connection accepted","attr":{"remote":"127.0.0.1:49705","uuid":{"uuid":{"$uuid":"db751db9-aa72-4876-9855-bdc558908ace"}},"connectionId":3,"connectionCount":3}}
{"t":{"$date":"2024-12-06T14:41:10.906-03:00"},"s":"I",  "c":"NETWORK",  "id":22943,   "ctx":"listener","msg":"Connection accepted","attr":{"remote":"127.0.0.1:49706","uuid":{"uuid":{"$uuid":"250ae537-8431-4f50-b97f-80f71e3d2d5a"}},"connectionId":4,"connectionCount":4}}
{"t":{"$date":"2024-12-06T14:41:10.918-03:00"},"s":"I",  "c":"NETWORK",  "id":51800,   "ctx":"conn3","msg":"client metadata","attr":{"remote":"127.0.0.1:49705","client":"conn3","negotiatedCompressors":[],"doc":{"application":{"name":"MongoDB Compass"},"driver":{"name":"nodejs","version":"6.9.0"},"platform":"Node.js v20.18.0, LE","os":{"name":"win32","architecture":"x64","version":"10.0.20348","type":"Windows_NT"}}}}
{"t":{"$date":"2024-12-06T14:41:10.919-03:00"},"s":"I",  "c":"NETWORK",  "id":51800,   "ctx":"conn4","msg":"client metadata","attr":{"remote":"127.0.0.1:49706","client":"conn4","negotiatedCompressors":[],"doc":{"application":{"name":"MongoDB Compass"},"driver":{"name":"nodejs","version":"6.9.0"},"platform":"Node.js v20.18.0, LE","os":{"name":"win32","architecture":"x64","version":"10.0.20348","type":"Windows_NT"}}}}
{"t":{"$date":"2024-12-06T14:41:10.926-03:00"},"s":"I",  "c":"NETWORK",  "id":6788700, "ctx":"conn3","msg":"Received first command on ingress connection since session start or auth handshake","attr":{"elapsedMillis":8}}
{"t":{"$date":"2024-12-06T14:41:10.928-03:00"},"s":"I",  "c":"NETWORK",  "id":6788700, "ctx":"conn4","msg":"Received first command on ingress connection since session start or auth handshake","attr":{"elapsedMillis":8}}
{"t":{"$date":"2024-12-06T14:41:10.959-03:00"},"s":"I",  "c":"NETWORK",  "id":22943,   "ctx":"listener","msg":"Connection accepted","attr":{"remote":"127.0.0.1:49707","uuid":{"uuid":{"$uuid":"7a07189c-d04d-468b-8853-7f1e7d88dc86"}},"connectionId":5,"connectionCount":5}}
{"t":{"$date":"2024-12-06T14:41:10.959-03:00"},"s":"I",  "c":"NETWORK",  "id":22943,   "ctx":"listener","msg":"Connection accepted","attr":{"remote":"127.0.0.1:49708","uuid":{"uuid":{"$uuid":"b0404492-ab8c-4b8b-ae05-03a4ec8bdf81"}},"connectionId":6,"connectionCount":6}}
{"t":{"$date":"2024-12-06T14:41:10.962-03:00"},"s":"I",  "c":"NETWORK",  "id":51800,   "ctx":"conn5","msg":"client metadata","attr":{"remote":"127.0.0.1:49707","client":"conn5","negotiatedCompressors":[],"doc":{"application":{"name":"MongoDB Compass"},"driver":{"name":"nodejs","version":"6.9.0"},"platform":"Node.js v20.18.0, LE","os":{"name":"win32","architecture":"x64","version":"10.0.20348","type":"Windows_NT"}}}}
{"t":{"$date":"2024-12-06T14:41:10.962-03:00"},"s":"I",  "c":"NETWORK",  "id":51800,   "ctx":"conn6","msg":"client metadata","attr":{"remote":"127.0.0.1:49708","client":"conn6","negotiatedCompressors":[],"doc":{"application":{"name":"MongoDB Compass"},"driver":{"name":"nodejs","version":"6.9.0"},"platform":"Node.js v20.18.0, LE","os":{"name":"win32","architecture":"x64","version":"10.0.20348","type":"Windows_NT"}}}}
{"t":{"$date":"2024-12-06T14:41:10.965-03:00"},"s":"I",  "c":"NETWORK",  "id":6788700, "ctx":"conn5","msg":"Received first command on ingress connection since session start or auth handshake","attr":{"elapsedMillis":3}}
{"t":{"$date":"2024-12-06T14:41:10.966-03:00"},"s":"I",  "c":"NETWORK",  "id":6788700, "ctx":"conn6","msg":"Received first command on ingress connection since session start or auth handshake","attr":{"elapsedMillis":4}}
{"t":{"$date":"2024-12-06T14:41:10.968-03:00"},"s":"I",  "c":"NETWORK",  "id":22943,   "ctx":"listener","msg":"Connection accepted","attr":{"remote":"127.0.0.1:49709","uuid":{"uuid":{"$uuid":"208afd3a-4de3-4f24-aa60-7674ba606583"}},"connectionId":7,"connectionCount":7}}
{"t":{"$date":"2024-12-06T14:41:10.976-03:00"},"s":"I",  "c":"NETWORK",  "id":51800,   "ctx":"conn7","msg":"client metadata","attr":{"remote":"127.0.0.1:49709","client":"conn7","negotiatedCompressors":[],"doc":{"application":{"name":"MongoDB Compass"},"driver":{"name":"nodejs","version":"6.9.0"},"platform":"Node.js v20.18.0, LE","os":{"name":"win32","architecture":"x64","version":"10.0.20348","type":"Windows_NT"}}}}
{"t":{"$date":"2024-12-06T14:41:10.986-03:00"},"s":"I",  "c":"NETWORK",  "id":6788700, "ctx":"conn7","msg":"Received first command on ingress connection since session start or auth handshake","attr":{"elapsedMillis":10}}
{"t":{"$date":"2024-12-06T14:41:21.256-03:00"},"s":"I",  "c":"NETWORK",  "id":22943,   "ctx":"listener","msg":"Connection accepted","attr":{"remote":"127.0.0.1:49711","uuid":{"uuid":{"$uuid":"bc66ccbc-5a8c-4c59-9e2c-4f6124751886"}},"connectionId":8,"connectionCount":8}}
{"t":{"$date":"2024-12-06T14:41:21.260-03:00"},"s":"I",  "c":"NETWORK",  "id":51800,   "ctx":"conn8","msg":"client metadata","attr":{"remote":"127.0.0.1:49711","client":"conn8","negotiatedCompressors":[],"doc":{"application":{"name":"MongoDB Compass"},"driver":{"name":"nodejs","version":"6.9.0"},"platform":"Node.js v20.18.0, LE","os":{"name":"win32","architecture":"x64","version":"10.0.20348","type":"Windows_NT"}}}}
{"t":{"$date":"2024-12-06T14:41:41.346-03:00"},"s":"I",  "c":"WTCHKPT",  "id":22430,   "ctx":"Checkpointer","msg":"WiredTiger message","attr":{"message":{"ts_sec":1733506901,"ts_usec":345544,"thread":"2748:140734665350784","session_name":"WT_SESSION.checkpoint","category":"WT_VERB_CHECKPOINT_PROGRESS","category_id":7,"verbose_level":"DEBUG_1","verbose_level_id":1,"msg":"saving checkpoint snapshot min: 5, snapshot max: 5 snapshot count: 0, oldest timestamp: (0, 0) , meta checkpoint timestamp: (0, 0) base write gen: 13"}}}
{"t":{"$date":"2024-12-06T14:42:35.000-03:00"},"s":"I",  "c":"STORAGE",  "id":20320,   "ctx":"conn3","msg":"createCollection","attr":{"namespace":"CLIENTES.CUPONS","uuidDisposition":"generated","uuid":{"uuid":{"$uuid":"1cd46658-ec83-4a62-9927-aae0878cb136"}},"options":{}}}
{"t":{"$date":"2024-12-06T14:42:35.018-03:00"},"s":"I",  "c":"INDEX",    "id":20345,   "ctx":"conn3","msg":"Index build: done building","attr":{"buildUUID":null,"collectionUUID":{"uuid":{"$uuid":"1cd46658-ec83-4a62-9927-aae0878cb136"}},"namespace":"CLIENTES.CUPONS","index":"_id_","ident":"index-1-17231747045240183009","collectionIdent":"collection-0-17231747045240183009","commitTimestamp":null}}
{"t":{"$date":"2024-12-06T14:42:35.691-03:00"},"s":"I",  "c":"NETWORK",  "id":22943,   "ctx":"listener","msg":"Connection accepted","attr":{"remote":"127.0.0.1:49725","uuid":{"uuid":{"$uuid":"f789103a-61bf-4e1a-95b8-2f974f5bcfcd"}},"connectionId":9,"connectionCount":9}}
{"t":{"$date":"2024-12-06T14:42:35.692-03:00"},"s":"I",  "c":"NETWORK",  "id":22943,   "ctx":"listener","msg":"Connection accepted","attr":{"remote":"127.0.0.1:49726","uuid":{"uuid":{"$uuid":"2f917a60-2400-4072-9d88-7a878d1967c8"}},"connectionId":10,"connectionCount":10}}
{"t":{"$date":"2024-12-06T14:42:35.729-03:00"},"s":"I",  "c":"NETWORK",  "id":51800,   "ctx":"conn10","msg":"client metadata","attr":{"remote":"127.0.0.1:49726","client":"conn10","negotiatedCompressors":[],"doc":{"application":{"name":"MongoDB Compass"},"driver":{"name":"nodejs","version":"6.9.0"},"platform":"Node.js v20.18.0, LE","os":{"name":"win32","architecture":"x64","version":"10.0.20348","type":"Windows_NT"}}}}
{"t":{"$date":"2024-12-06T14:42:35.736-03:00"},"s":"I",  "c":"NETWORK",  "id":51800,   "ctx":"conn9","msg":"client metadata","attr":{"remote":"127.0.0.1:49725","client":"conn9","negotiatedCompressors":[],"doc":{"application":{"name":"MongoDB Compass"},"driver":{"name":"nodejs","version":"6.9.0"},"platform":"Node.js v20.18.0, LE","os":{"name":"win32","architecture":"x64","version":"10.0.20348","type":"Windows_NT"}}}}
{"t":{"$date":"2024-12-06T14:42:35.742-03:00"},"s":"I",  "c":"NETWORK",  "id":6788700, "ctx":"conn10","msg":"Received first command on ingress connection since session start or auth handshake","attr":{"elapsedMillis":12}}
{"t":{"$date":"2024-12-06T14:42:35.743-03:00"},"s":"I",  "c":"NETWORK",  "id":6788700, "ctx":"conn9","msg":"Received first command on ingress connection since session start or auth handshake","attr":{"elapsedMillis":6}}
{"t":{"$date":"2024-12-06T14:42:41.366-03:00"},"s":"I",  "c":"WTCHKPT",  "id":22430,   "ctx":"Checkpointer","msg":"WiredTiger message","attr":{"message":{"ts_sec":1733506961,"ts_usec":366015,"thread":"2748:140734665350784","session_name":"WT_SESSION.checkpoint","category":"WT_VERB_CHECKPOINT_PROGRESS","category_id":7,"verbose_level":"DEBUG_1","verbose_level_id":1,"msg":"saving checkpoint snapshot min: 14, snapshot max: 14 snapshot count: 0, oldest timestamp: (0, 0) , meta checkpoint timestamp: (0, 0) base write gen: 13"}}}
{"t":{"$date":"2024-12-06T14:43:41.386-03:00"},"s":"I",  "c":"WTCHKPT",  "id":22430,   "ctx":"Checkpointer","msg":"WiredTiger message","attr":{"message":{"ts_sec":1733507021,"ts_usec":385977,"thread":"2748:140734665350784","session_name":"WT_SESSION.checkpoint","category":"WT_VERB_CHECKPOINT_PROGRESS","category_id":7,"verbose_level":"DEBUG_1","verbose_level_id":1,"msg":"saving checkpoint snapshot min: 15, snapshot max: 15 snapshot count: 0, oldest timestamp: (0, 0) , meta checkpoint timestamp: (0, 0) base write gen: 13"}}}
{"t":{"$date":"2024-12-06T14:44:41.395-03:00"},"s":"I",  "c":"WTCHKPT",  "id":22430,   "ctx":"Checkpointer","msg":"WiredTiger message","attr":{"message":{"ts_sec":1733507081,"ts_usec":395140,"thread":"2748:140734665350784","session_name":"WT_SESSION.checkpoint","category":"WT_VERB_CHECKPOINT_PROGRESS","category_id":7,"verbose_level":"DEBUG_1","verbose_level_id":1,"msg":"saving checkpoint snapshot min: 16, snapshot max: 16 snapshot count: 0, oldest timestamp: (0, 0) , meta checkpoint timestamp: (0, 0) base write gen: 13"}}}
{"t":{"$date":"2024-12-06T14:45:41.407-03:00"},"s":"I",  "c":"WTCHKPT",  "id":22430,   "ctx":"Checkpointer","msg":"WiredTiger message","attr":{"message":{"ts_sec":1733507141,"ts_usec":406635,"thread":"2748:140734665350784","session_name":"WT_SESSION.checkpoint","category":"WT_VERB_CHECKPOINT_PROGRESS","category_id":7,"verbose_level":"DEBUG_1","verbose_level_id":1,"msg":"saving checkpoint snapshot min: 25, snapshot max: 25 snapshot count: 0, oldest timestamp: (0, 0) , meta checkpoint timestamp: (0, 0) base write gen: 13"}}}
{"t":{"$date":"2024-12-06T14:46:41.418-03:00"},"s":"I",  "c":"WTCHKPT",  "id":22430,   "ctx":"Checkpointer","msg":"WiredTiger message","attr":{"message":{"ts_sec":1733507201,"ts_usec":418484,"thread":"2748:140734665350784","session_name":"WT_SESSION.checkpoint","category":"WT_VERB_CHECKPOINT_PROGRESS","category_id":7,"verbose_level":"DEBUG_1","verbose_level_id":1,"msg":"saving checkpoint snapshot min: 27, snapshot max: 27 snapshot count: 0, oldest timestamp: (0, 0) , meta checkpoint timestamp: (0, 0) base write gen: 13"}}}
{"t":{"$date":"2024-12-06T14:47:41.448-03:00"},"s":"I",  "c":"WTCHKPT",  "id":22430,   "ctx":"Checkpointer","msg":"WiredTiger message","attr":{"message":{"ts_sec":1733507261,"ts_usec":448024,"thread":"2748:140734665350784","session_name":"WT_SESSION.checkpoint","category":"WT_VERB_CHECKPOINT_PROGRESS","category_id":7,"verbose_level":"DEBUG_1","verbose_level_id":1,"msg":"saving checkpoint snapshot min: 28, snapshot max: 28 snapshot count: 0, oldest timestamp: (0, 0) , meta checkpoint timestamp: (0, 0) base write gen: 13"}}}
{"t":{"$date":"2024-12-06T14:48:38.706-03:00"},"s":"I",  "c":"NETWORK",  "id":22944,   "ctx":"conn10","msg":"Connection ended","attr":{"remote":"127.0.0.1:49726","uuid":{"uuid":{"$uuid":"2f917a60-2400-4072-9d88-7a878d1967c8"}},"connectionId":10,"connectionCount":9}}
{"t":{"$date":"2024-12-06T14:48:38.706-03:00"},"s":"I",  "c":"NETWORK",  "id":22944,   "ctx":"conn7","msg":"Connection ended","attr":{"remote":"127.0.0.1:49709","uuid":{"uuid":{"$uuid":"208afd3a-4de3-4f24-aa60-7674ba606583"}},"connectionId":7,"connectionCount":8}}
{"t":{"$date":"2024-12-06T14:48:38.706-03:00"},"s":"I",  "c":"NETWORK",  "id":22944,   "ctx":"conn5","msg":"Connection ended","attr":{"remote":"127.0.0.1:49707","uuid":{"uuid":{"$uuid":"7a07189c-d04d-468b-8853-7f1e7d88dc86"}},"connectionId":5,"connectionCount":7}}
{"t":{"$date":"2024-12-06T14:48:38.707-03:00"},"s":"I",  "c":"NETWORK",  "id":22944,   "ctx":"conn8","msg":"Connection ended","attr":{"remote":"127.0.0.1:49711","uuid":{"uuid":{"$uuid":"bc66ccbc-5a8c-4c59-9e2c-4f6124751886"}},"connectionId":8,"connectionCount":6}}
{"t":{"$date":"2024-12-06T14:48:38.707-03:00"},"s":"I",  "c":"NETWORK",  "id":22944,   "ctx":"conn6","msg":"Connection ended","attr":{"remote":"127.0.0.1:49708","uuid":{"uuid":{"$uuid":"b0404492-ab8c-4b8b-ae05-03a4ec8bdf81"}},"connectionId":6,"connectionCount":5}}
{"t":{"$date":"2024-12-06T14:48:38.707-03:00"},"s":"I",  "c":"NETWORK",  "id":22944,   "ctx":"conn9","msg":"Connection ended","attr":{"remote":"127.0.0.1:49725","uuid":{"uuid":{"$uuid":"f789103a-61bf-4e1a-95b8-2f974f5bcfcd"}},"connectionId":9,"connectionCount":4}}
{"t":{"$date":"2024-12-06T14:48:38.707-03:00"},"s":"I",  "c":"NETWORK",  "id":22944,   "ctx":"conn4","msg":"Connection ended","attr":{"remote":"127.0.0.1:49706","uuid":{"uuid":{"$uuid":"250ae537-8431-4f50-b97f-80f71e3d2d5a"}},"connectionId":4,"connectionCount":3}}
{"t":{"$date":"2024-12-06T14:48:38.707-03:00"},"s":"I",  "c":"NETWORK",  "id":22944,   "ctx":"conn2","msg":"Connection ended","attr":{"remote":"127.0.0.1:49704","uuid":{"uuid":{"$uuid":"576180cd-3d48-410d-9e6a-51fce1919b15"}},"connectionId":2,"connectionCount":2}}
{"t":{"$date":"2024-12-06T14:48:38.708-03:00"},"s":"I",  "c":"NETWORK",  "id":22944,   "ctx":"conn3","msg":"Connection ended","attr":{"remote":"127.0.0.1:49705","uuid":{"uuid":{"$uuid":"db751db9-aa72-4876-9855-bdc558908ace"}},"connectionId":3,"connectionCount":1}}
{"t":{"$date":"2024-12-06T14:48:39.289-03:00"},"s":"W",  "c":"NETWORK",  "id":4615610, "ctx":"conn1","msg":"Failed to check socket connectivity","attr":{"error":{"code":6,"codeName":"HostUnreachable","errmsg":"peekASIOStream :: caused by :: Connection reset by peer"}}}
{"t":{"$date":"2024-12-06T14:48:39.289-03:00"},"s":"I",  "c":"-",        "id":20883,   "ctx":"conn1","msg":"Interrupted operation as its client disconnected","attr":{"opId":14381}}
{"t":{"$date":"2024-12-06T14:48:39.296-03:00"},"s":"I",  "c":"EXECUTOR", "id":22989,   "ctx":"conn1","msg":"Error sending response to client. Ending connection from remote","attr":{"error":{"code":6,"codeName":"HostUnreachable","errmsg":"futurize :: caused by :: Connection reset by peer"},"remote":"127.0.0.1:49703","connectionId":1}}
{"t":{"$date":"2024-12-06T14:48:39.297-03:00"},"s":"I",  "c":"NETWORK",  "id":22944,   "ctx":"conn1","msg":"Connection ended","attr":{"remote":"127.0.0.1:49703","uuid":{"uuid":{"$uuid":"f82d44a3-676a-41d4-8e30-dcfcfc3c8b8f"}},"connectionId":1,"connectionCount":0}}
{"t":{"$date":"2024-12-06T14:48:41.466-03:00"},"s":"I",  "c":"WTCHKPT",  "id":22430,   "ctx":"Checkpointer","msg":"WiredTiger message","attr":{"message":{"ts_sec":1733507321,"ts_usec":466142,"thread":"2748:140734665350784","session_name":"WT_SESSION.checkpoint","category":"WT_VERB_CHECKPOINT_PROGRESS","category_id":7,"verbose_level":"DEBUG_1","verbose_level_id":1,"msg":"saving checkpoint snapshot min: 30, snapshot max: 30 snapshot count: 0, oldest timestamp: (0, 0) , meta checkpoint timestamp: (0, 0) base write gen: 13"}}}
{"t":{"$date":"2024-12-06T14:49:41.478-03:00"},"s":"I",  "c":"WTCHKPT",  "id":22430,   "ctx":"Checkpointer","msg":"WiredTiger message","attr":{"message":{"ts_sec":1733507381,"ts_usec":477729,"thread":"2748:140734665350784","session_name":"WT_SESSION.checkpoint","category":"WT_VERB_CHECKPOINT_PROGRESS","category_id":7,"verbose_level":"DEBUG_1","verbose_level_id":1,"msg":"saving checkpoint snapshot min: 32, snapshot max: 32 snapshot count: 0, oldest timestamp: (0, 0) , meta checkpoint timestamp: (0, 0) base write gen: 13"}}}
{"t":{"$date":"2024-12-06T14:50:41.490-03:00"},"s":"I",  "c":"WTCHKPT",  "id":22430,   "ctx":"Checkpointer","msg":"WiredTiger message","attr":{"message":{"ts_sec":1733507441,"ts_usec":489622,"thread":"2748:140734665350784","session_name":"WT_SESSION.checkpoint","category":"WT_VERB_CHECKPOINT_PROGRESS","category_id":7,"verbose_level":"DEBUG_1","verbose_level_id":1,"msg":"saving checkpoint snapshot min: 40, snapshot max: 40 snapshot count: 0, oldest timestamp: (0, 0) , meta checkpoint timestamp: (0, 0) base write gen: 13"}}}
{"t":{"$date":"2024-12-06T14:51:41.540-03:00"},"s":"I",  "c":"WTCHKPT",  "id":22430,   "ctx":"Checkpointer","msg":"WiredTiger message","attr":{"message":{"ts_sec":1733507501,"ts_usec":540563,"thread":"2748:140734665350784","session_name":"WT_SESSION.checkpoint","category":"WT_VERB_CHECKPOINT_PROGRESS","category_id":7,"verbose_level":"DEBUG_1","verbose_level_id":1,"msg":"saving checkpoint snapshot min: 42, snapshot max: 42 snapshot count: 0, oldest timestamp: (0, 0) , meta checkpoint timestamp: (0, 0) base write gen: 13"}}}
{"t":{"$date":"2024-12-06T14:52:41.550-03:00"},"s":"I",  "c":"WTCHKPT",  "id":22430,   "ctx":"Checkpointer","msg":"WiredTiger message","attr":{"message":{"ts_sec":1733507561,"ts_usec":550488,"thread":"2748:140734665350784","session_name":"WT_SESSION.checkpoint","category":"WT_VERB_CHECKPOINT_PROGRESS","category_id":7,"verbose_level":"DEBUG_1","verbose_level_id":1,"msg":"saving checkpoint snapshot min: 43, snapshot max: 43 snapshot count: 0, oldest timestamp: (0, 0) , meta checkpoint timestamp: (0, 0) base write gen: 13"}}}
{"t":{"$date":"2024-12-06T14:53:41.565-03:00"},"s":"I",  "c":"WTCHKPT",  "id":22430,   "ctx":"Checkpointer","msg":"WiredTiger message","attr":{"message":{"ts_sec":1733507621,"ts_usec":565068,"thread":"2748:140734665350784","session_name":"WT_SESSION.checkpoint","category":"WT_VERB_CHECKPOINT_PROGRESS","category_id":7,"verbose_level":"DEBUG_1","verbose_level_id":1,"msg":"saving checkpoint snapshot min: 44, snapshot max: 44 snapshot count: 0, oldest timestamp: (0, 0) , meta checkpoint timestamp: (0, 0) base write gen: 13"}}}
{"t":{"$date":"2024-12-06T14:54:41.575-03:00"},"s":"I",  "c":"WTCHKPT",  "id":22430,   "ctx":"Checkpointer","msg":"WiredTiger message","attr":{"message":{"ts_sec":1733507681,"ts_usec":575097,"thread":"2748:140734665350784","session_name":"WT_SESSION.checkpoint","category":"WT_VERB_CHECKPOINT_PROGRESS","category_id":7,"verbose_level":"DEBUG_1","verbose_level_id":1,"msg":"saving checkpoint snapshot min: 45, snapshot max: 45 snapshot count: 0, oldest timestamp: (0, 0) , meta checkpoint timestamp: (0, 0) base write gen: 13"}}}
{"t":{"$date":"2024-12-06T14:55:41.682-03:00"},"s":"I",  "c":"WTCHKPT",  "id":22430,   "ctx":"Checkpointer","msg":"WiredTiger message","attr":{"message":{"ts_sec":1733507741,"ts_usec":681252,"thread":"2748:140734665350784","session_name":"WT_SESSION.checkpoint","category":"WT_VERB_CHECKPOINT_PROGRESS","category_id":7,"verbose_level":"DEBUG_1","verbose_level_id":1,"msg":"saving checkpoint snapshot min: 46, snapshot max: 46 snapshot count: 0, oldest timestamp: (0, 0) , meta checkpoint timestamp: (0, 0) base write gen: 13"}}}
{"t":{"$date":"2024-12-06T14:56:41.693-03:00"},"s":"I",  "c":"WTCHKPT",  "id":22430,   "ctx":"Checkpointer","msg":"WiredTiger message","attr":{"message":{"ts_sec":1733507801,"ts_usec":693507,"thread":"2748:140734665350784","session_name":"WT_SESSION.checkpoint","category":"WT_VERB_CHECKPOINT_PROGRESS","category_id":7,"verbose_level":"DEBUG_1","verbose_level_id":1,"msg":"saving checkpoint snapshot min: 47, snapshot max: 47 snapshot count: 0, oldest timestamp: (0, 0) , meta checkpoint timestamp: (0, 0) base write gen: 13"}}}
{"t":{"$date":"2024-12-06T14:57:41.704-03:00"},"s":"I",  "c":"WTCHKPT",  "id":22430,   "ctx":"Checkpointer","msg":"WiredTiger message","attr":{"message":{"ts_sec":1733507861,"ts_usec":703951,"thread":"2748:140734665350784","session_name":"WT_SESSION.checkpoint","category":"WT_VERB_CHECKPOINT_PROGRESS","category_id":7,"verbose_level":"DEBUG_1","verbose_level_id":1,"msg":"saving checkpoint snapshot min: 48, snapshot max: 48 snapshot count: 0, oldest timestamp: (0, 0) , meta checkpoint timestamp: (0, 0) base write gen: 13"}}}
{"t":{"$date":"2024-12-06T14:58:41.714-03:00"},"s":"I",  "c":"WTCHKPT",  "id":22430,   "ctx":"Checkpointer","msg":"WiredTiger message","attr":{"message":{"ts_sec":1733507921,"ts_usec":713715,"thread":"2748:140734665350784","session_name":"WT_SESSION.checkpoint","category":"WT_VERB_CHECKPOINT_PROGRESS","category_id":7,"verbose_level":"DEBUG_1","verbose_level_id":1,"msg":"saving checkpoint snapshot min: 49, snapshot max: 49 snapshot count: 0, oldest timestamp: (0, 0) , meta checkpoint timestamp: (0, 0) base write gen: 13"}}}
