2024-10-04 15:00:01,933 - ERROR - Erro ao conectar ao banco de dados: ('Error while connecting to database:\n- SQLCODE: -902\n- I/O error during "CreateFile (open)" operation for file "C:\\ETTICA\\EXEC\\DADOS\\TESTE.FDB"\n- Error while trying to open file\n- O sistema não pode encontrar o arquivo especificado. ', -902, 335544344)
2024-10-04 15:00:01,933 - INFO - Aguardando 3600 segundos para a próxima execução...
2024-10-04 15:00:44,382 - INFO - Conexão com o Firebird estabelecida.
2024-10-04 15:00:44,387 - INFO - 1 registros encontrados.
2024-10-04 15:00:44,430 - INFO - Dados enviados com sucesso.
2024-10-04 15:00:44,430 - INFO - Resposta da API: {'message': 'Cliente atualizado com sucesso!'}
2024-10-04 15:00:44,434 - INFO - Aguardando 3600 segundos para a próxima execução...
2024-10-04 15:04:08,623 - INFO - Conexão com o Firebird estabelecida.
2024-10-04 15:04:08,630 - INFO - 1 registros encontrados.
2024-10-04 15:04:08,663 - INFO - Dados enviados com sucesso.
2024-10-04 15:04:08,664 - INFO - Resposta da API: {'message': 'Cliente atualizado com sucesso!'}
2024-10-04 15:04:08,668 - INFO - Aguardando 3600 segundos para a próxima execução...
2024-10-04 15:04:32,974 - INFO - Conexão com o Firebird estabelecida.
2024-10-04 15:04:32,979 - INFO - 1 registros encontrados.
2024-10-04 15:04:33,035 - INFO - Dados enviados com sucesso.
2024-10-04 15:04:33,035 - INFO - Resposta da API: {'message': 'Cliente atualizado com sucesso!'}
2024-10-04 15:04:33,038 - INFO - Aguardando 3600 segundos para a próxima execução...
2024-10-16 21:20:35,594 - INFO - Conexão com o Firebird estabelecida.
2024-10-16 21:20:35,774 - INFO - 1 registros encontrados.
2024-10-16 21:20:35,799 - ERROR - Erro ao enviar dados: 500 - {"error":"Erro ao conectar ao banco de dados"}
2024-10-16 21:20:35,801 - INFO - Aguardando 3600 segundos para a próxima execução...
2024-10-16 21:21:27,688 - INFO - Conexão com o Firebird estabelecida.
2024-10-16 21:21:27,860 - INFO - 1 registros encontrados.
2024-10-16 21:21:27,883 - ERROR - Erro ao enviar dados: 500 - {"error":"Erro ao conectar ao banco de dados"}
2024-10-16 21:21:27,885 - INFO - Aguardando 5 segundos para a próxima execução...
2024-10-16 21:21:32,895 - INFO - Conexão com o Firebird estabelecida.
2024-10-16 21:21:33,064 - INFO - 1 registros encontrados.
2024-10-16 21:21:33,080 - ERROR - Erro ao enviar dados: 500 - {"error":"Erro ao conectar ao banco de dados"}
2024-10-16 21:21:33,083 - INFO - Aguardando 5 segundos para a próxima execução...
2024-10-16 21:21:38,096 - INFO - Conexão com o Firebird estabelecida.
2024-10-16 21:21:38,265 - INFO - 1 registros encontrados.
2024-10-16 21:21:38,279 - ERROR - Erro ao enviar dados: 500 - {"error":"Erro ao conectar ao banco de dados"}
2024-10-16 21:21:38,280 - INFO - Aguardando 5 segundos para a próxima execução...
2024-10-16 21:21:43,297 - INFO - Conexão com o Firebird estabelecida.
2024-10-16 21:21:43,459 - INFO - 1 registros encontrados.
2024-10-16 21:21:43,473 - ERROR - Erro ao enviar dados: 500 - {"error":"Erro ao conectar ao banco de dados"}
2024-10-16 21:21:43,474 - INFO - Aguardando 5 segundos para a próxima execução...
2024-10-16 21:21:48,485 - INFO - Conexão com o Firebird estabelecida.
2024-10-16 21:21:48,651 - INFO - 1 registros encontrados.
2024-10-16 21:21:48,666 - ERROR - Erro ao enviar dados: 500 - {"error":"Erro ao conectar ao banco de dados"}
2024-10-16 21:21:48,667 - INFO - Aguardando 3600 segundos para a próxima execução...
2024-10-16 21:21:50,930 - INFO - Conexão com o Firebird estabelecida.
2024-10-16 21:21:51,093 - INFO - 1 registros encontrados.
2024-10-16 21:21:51,106 - ERROR - Erro ao enviar dados: 500 - {"error":"Erro ao conectar ao banco de dados"}
2024-10-16 21:22:07,952 - INFO - Conexão com o Firebird estabelecida.
2024-10-16 21:22:08,115 - INFO - 1 registros encontrados.
2024-10-16 21:22:08,129 - ERROR - Erro ao enviar dados: 500 - {"error":"Erro ao conectar ao banco de dados"}
2024-10-16 21:22:21,978 - INFO - Conexão com o Firebird estabelecida.
2024-10-16 21:22:22,143 - INFO - 1 registros encontrados.
2024-10-16 21:22:22,158 - ERROR - Erro ao enviar dados: 500 - {"error":"Erro ao conectar ao banco de dados"}
2024-10-16 21:22:28,803 - INFO - Conexão com o Firebird estabelecida.
2024-10-16 21:22:28,979 - INFO - 1 registros encontrados.
2024-10-16 21:22:29,000 - ERROR - Erro ao enviar dados: 500 - {"error":"Erro ao conectar ao banco de dados"}
2024-10-16 21:22:29,002 - INFO - Aguardando 5 segundos para a próxima execução...
2024-10-16 21:22:34,017 - INFO - Conexão com o Firebird estabelecida.
2024-10-16 21:22:34,180 - INFO - 1 registros encontrados.
2024-10-16 21:22:34,192 - ERROR - Erro ao enviar dados: 500 - {"error":"Erro ao conectar ao banco de dados"}
2024-10-16 21:22:34,195 - INFO - Aguardando 5 segundos para a próxima execução...
2024-10-16 21:22:37,276 - INFO - Conexão com o Firebird estabelecida.
2024-10-16 21:22:37,439 - INFO - 1 registros encontrados.
2024-10-16 21:22:37,452 - ERROR - Erro ao enviar dados: 500 - {"error":"Erro ao conectar ao banco de dados"}
2024-10-16 21:22:39,215 - INFO - Conexão com o Firebird estabelecida.
2024-10-16 21:22:39,380 - INFO - 1 registros encontrados.
2024-10-16 21:22:39,394 - ERROR - Erro ao enviar dados: 500 - {"error":"Erro ao conectar ao banco de dados"}
2024-10-16 21:22:39,396 - INFO - Aguardando 5 segundos para a próxima execução...
2024-10-16 21:22:43,989 - INFO - Conexão com o Firebird estabelecida.
2024-10-16 21:22:44,151 - INFO - 1 registros encontrados.
2024-10-16 21:22:44,163 - ERROR - Erro ao enviar dados: 500 - {"error":"Erro ao conectar ao banco de dados"}
2024-10-16 21:22:44,407 - INFO - Conexão com o Firebird estabelecida.
2024-10-16 21:22:44,574 - INFO - 1 registros encontrados.
2024-10-16 21:22:44,587 - ERROR - Erro ao enviar dados: 500 - {"error":"Erro ao conectar ao banco de dados"}
2024-10-16 21:22:44,588 - INFO - Aguardando 5 segundos para a próxima execução...
2024-10-16 21:22:49,607 - INFO - Conexão com o Firebird estabelecida.
2024-10-16 21:22:49,769 - INFO - 1 registros encontrados.
2024-10-16 21:22:49,783 - ERROR - Erro ao enviar dados: 500 - {"error":"Erro ao conectar ao banco de dados"}
2024-10-16 21:22:49,784 - INFO - Aguardando 5 segundos para a próxima execução...
2024-10-16 21:22:54,805 - INFO - Conexão com o Firebird estabelecida.
2024-10-16 21:22:54,971 - INFO - 1 registros encontrados.
2024-10-16 21:22:54,984 - ERROR - Erro ao enviar dados: 500 - {"error":"Erro ao conectar ao banco de dados"}
2024-10-16 21:22:54,986 - INFO - Aguardando 1 segundos para a próxima execução...
2024-10-16 21:22:56,004 - INFO - Conexão com o Firebird estabelecida.
2024-10-16 21:22:56,168 - INFO - 1 registros encontrados.
2024-10-16 21:22:56,182 - ERROR - Erro ao enviar dados: 500 - {"error":"Erro ao conectar ao banco de dados"}
2024-10-16 21:22:56,184 - INFO - Aguardando 1 segundos para a próxima execução...
2024-10-16 21:22:57,203 - INFO - Conexão com o Firebird estabelecida.
2024-10-16 21:22:57,367 - INFO - 1 registros encontrados.
2024-10-16 21:22:57,380 - ERROR - Erro ao enviar dados: 500 - {"error":"Erro ao conectar ao banco de dados"}
2024-10-16 21:22:57,382 - INFO - Aguardando 1 segundos para a próxima execução...
2024-10-16 21:22:58,404 - INFO - Conexão com o Firebird estabelecida.
2024-10-16 21:22:58,568 - INFO - 1 registros encontrados.
2024-10-16 21:22:58,582 - ERROR - Erro ao enviar dados: 500 - {"error":"Erro ao conectar ao banco de dados"}
2024-10-16 21:22:58,583 - INFO - Aguardando 1 segundos para a próxima execução...
2024-10-16 21:22:59,597 - INFO - Conexão com o Firebird estabelecida.
2024-10-16 21:22:59,762 - INFO - 1 registros encontrados.
2024-10-16 21:22:59,776 - ERROR - Erro ao enviar dados: 500 - {"error":"Erro ao conectar ao banco de dados"}
2024-10-16 21:22:59,777 - INFO - Aguardando 1 segundos para a próxima execução...
2024-10-16 21:23:00,800 - INFO - Conexão com o Firebird estabelecida.
2024-10-16 21:23:00,962 - INFO - 1 registros encontrados.
2024-10-16 21:23:00,976 - ERROR - Erro ao enviar dados: 500 - {"error":"Erro ao conectar ao banco de dados"}
2024-10-16 21:23:00,977 - INFO - Aguardando 1 segundos para a próxima execução...
2024-10-16 21:23:01,995 - INFO - Conexão com o Firebird estabelecida.
2024-10-16 21:23:02,157 - INFO - 1 registros encontrados.
2024-10-16 21:23:02,171 - ERROR - Erro ao enviar dados: 500 - {"error":"Erro ao conectar ao banco de dados"}
2024-10-16 21:23:02,173 - INFO - Aguardando 5 segundos para a próxima execução...
2024-10-16 21:23:07,187 - INFO - Conexão com o Firebird estabelecida.
2024-10-16 21:23:07,347 - INFO - 1 registros encontrados.
2024-10-16 21:23:07,361 - ERROR - Erro ao enviar dados: 500 - {"error":"Erro ao conectar ao banco de dados"}
2024-10-16 21:23:07,362 - INFO - Aguardando 5 segundos para a próxima execução...
2024-11-08 14:49:21,011 - ERROR - Erro ao conectar ao banco de dados: ('Error while connecting to database:\n- SQLCODE: -902\n- I/O error during "CreateFile (open)" operation for file "C:\\ETTICA\\EXEC\\DADOS\\DADOS.FDB"\n- Error while trying to open file\n- O sistema não pode encontrar o arquivo especificado. ', -902, 335544344)
2024-11-08 14:49:21,029 - INFO - Aguardando 3600 segundos para a próxima execução...
